<?xml version="1.0" encoding="UTF-8"?>
<!-- Generated by org.testng.reporters.JUnitReportReporter -->
<testsuite hostname="Lab8-Demo" failures="0" tests="1" name="testScenarios.LoginTest" time="3.739" errors="0" timestamp="2023-04-18T18:55:41 IST" skipped="0">
  <testcase classname="testScenarios.LoginTest" name="userLogin" time="3.739"/>
  <system-out/>
</testsuite> <!-- testScenarios.LoginTest -->
