<?xml version="1.0" encoding="UTF-8"?>
<!-- Generated by org.testng.reporters.JUnitReportReporter -->
<testsuite hostname="Lab8-Demo" failures="0" tests="1" name="testScenarios.SignUpTest" time="5.037" errors="0" timestamp="2023-04-18T19:32:25 IST" skipped="0">
  <testcase classname="testScenarios.SignUpTest" name="signUp" time="5.037"/>
  <system-out/>
</testsuite> <!-- testScenarios.SignUpTest -->
