<?xml version="1.0" encoding="UTF-8"?>
<!-- Generated by org.testng.reporters.JUnitReportReporter -->
<testsuite hostname="DESKTOP-9GE1TC7" failures="0" tests="1" name="testScenarios.AdminTest" time="21.177" errors="0" timestamp="2023-03-11T19:39:35 IST" skipped="0">
  <testcase classname="testScenarios.AdminTest" name="addUser" time="21.177"/>
  <system-out/>
</testsuite> <!-- testScenarios.AdminTest -->
