<?xml version="1.0" encoding="UTF-8"?>
<!-- Generated by org.testng.reporters.JUnitReportReporter -->
<testsuite hostname="DESKTOP-9GE1TC7" failures="0" tests="1" name="testScenarios.LoginTest" time="22.205" errors="0" timestamp="2023-03-11T19:39:35 IST" skipped="0">
  <testcase classname="testScenarios.LoginTest" name="Login" time="22.205"/>
  <system-out/>
</testsuite> <!-- testScenarios.LoginTest -->
